<?xml version="1.0" encoding="UTF-8"?>
<testsuite xmlns:xsi="http://www.w3.org/2001/XMLSchema-instance" xsi:noNamespaceSchemaLocation="https://maven.apache.org/surefire/maven-surefire-plugin/xsd/surefire-test-report.xsd" version="3.0.1" name="com.chambas.math.util.core.MathUtilTest" time="0.192" tests="5" errors="0" skipped="0" failures="0">
  <properties>
[...]
</properties>
  <testcase name="testGetFactorialGivenRichArightArgReturnsWell(int, long)[1]" classname="com.chambas.math.util.core.MathUtilTest" time="0.074"/>
  <testcase name="testGetFactorialGivenRichArightArgReturnsWell(int, long)[2]" classname="com.chambas.math.util.core.MathUtilTest" time="0.002"/>
  <testcase name="testGetFactorialGivenRichArightArgReturnsWell(int, long)[3]" classname="com.chambas.math.util.core.MathUtilTest" time="0.001"/>
  <testcase name="testGetFactorialGivenRichArightArgReturnsWell(int, long)[4]" classname="com.chambas.math.util.core.MathUtilTest" time="0.001"/>
  <testcase name="testGetFactorialGivenWrongArgThrowException" classname="com.chambas.math.util.core.MathUtilTest" time="0.007"/>
</testsuite>