<?xml version="1.0" encoding="UTF-8"?>
<testsuite xmlns:xsi="http://www.w3.org/2001/XMLSchema-instance" xsi:noNamespaceSchemaLocation="https://maven.apache.org/surefire/maven-surefire-plugin/xsd/surefire-test-report-3.0.xsd" version="3.0" name="com.myweb.mamababy.MamababyApplicationTests" time="6.991" tests="1" errors="0" skipped="0" failures="0">
  <properties>
[...]
</properties>
  <testcase name="contextLoads" classname="com.myweb.mamababy.MamababyApplicationTests" time="1.115">
    <system-out><![CDATA[21:23:34.125 [main] INFO org.springframework.test.context.support.AnnotationConfigContextLoaderUtils -- Could not detect default configuration classes for test class [com.myweb.mamababy.MamababyApplicationTests]: MamababyApplicationTests does not declare any static, non-private, non-final, nested classes annotated with @Configuration.
21:23:34.229 [main] INFO org.springframework.boot.test.context.SpringBootTestContextBootstrapper -- Found @SpringBootConfiguration com.myweb.mamababy.MamababyApplication for test class com.myweb.mamababy.MamababyApplicationTests

  .   ____          _            __ _ _
 /\\ / ___'_ __ _ _(_)_ __  __ _ \ \ \ \
( ( )\___ | '_ | '_| | '_ \/ _` | \ \ \ \
 \\/  ___)| |_)| | | | | || (_| |  ) ) ) )
  '  |____| .__|_| |_|_| |_\__, | / / / /
 =========|_|==============|___/=/_/_/_/
 :: Spring Boot ::                (v3.2.5)

2024-05-20T21:23:34.729+07:00  INFO 25844 --- [           main] c.m.mamababy.MamababyApplicationTests    : Starting MamababyApplicationTests using Java 21.0.2 with PID 25844 (started by manhc in D:\Mamababy_Project\Mama-Baby-be)
2024-05-20T21:23:34.731+07:00  INFO 25844 --- [           main] c.m.mamababy.MamababyApplicationTests    : No active profile set, falling back to 1 default profile: "default"
2024-05-20T21:23:35.992+07:00  INFO 25844 --- [           main] .s.d.r.c.RepositoryConfigurationDelegate : Bootstrapping Spring Data JPA repositories in DEFAULT mode.
2024-05-20T21:23:36.062+07:00  INFO 25844 --- [           main] .s.d.r.c.RepositoryConfigurationDelegate : Finished Spring Data repository scanning in 62 ms. Found 2 JPA repository interfaces.
2024-05-20T21:23:36.624+07:00  INFO 25844 --- [           main] o.hibernate.jpa.internal.util.LogHelper  : HHH000204: Processing PersistenceUnitInfo [name: default]
2024-05-20T21:23:36.689+07:00  INFO 25844 --- [           main] org.hibernate.Version                    : HHH000412: Hibernate ORM core version 6.4.4.Final
2024-05-20T21:23:36.725+07:00  INFO 25844 --- [           main] o.h.c.internal.RegionFactoryInitiator    : HHH000026: Second-level cache disabled
2024-05-20T21:23:36.978+07:00  INFO 25844 --- [           main] o.s.o.j.p.SpringPersistenceUnitInfo      : No LoadTimeWeaver setup: ignoring JPA class transformer
2024-05-20T21:23:37.010+07:00  INFO 25844 --- [           main] com.zaxxer.hikari.HikariDataSource       : HikariPool-1 - Starting...
2024-05-20T21:23:37.173+07:00  INFO 25844 --- [           main] com.zaxxer.hikari.pool.HikariPool        : HikariPool-1 - Added connection com.mysql.cj.jdbc.ConnectionImpl@715210ea
2024-05-20T21:23:37.175+07:00  INFO 25844 --- [           main] com.zaxxer.hikari.HikariDataSource       : HikariPool-1 - Start completed.
2024-05-20T21:23:37.237+07:00  WARN 25844 --- [           main] org.hibernate.dialect.Dialect            : HHH000511: The 5.5.0 version for [org.hibernate.dialect.MySQLDialect] is no longer supported, hence certain features may not work properly. The minimum supported version is 8.0.0. Check the community dialects project for available legacy versions.
2024-05-20T21:23:38.136+07:00  INFO 25844 --- [           main] o.h.e.t.j.p.i.JtaPlatformInitiator       : HHH000489: No JTA platform available (set 'hibernate.transaction.jta.platform' to enable JTA platform integration)
2024-05-20T21:23:38.139+07:00  INFO 25844 --- [           main] j.LocalContainerEntityManagerFactoryBean : Initialized JPA EntityManagerFactory for persistence unit 'default'
2024-05-20T21:23:38.812+07:00  WARN 25844 --- [           main] JpaBaseConfiguration$JpaWebConfiguration : spring.jpa.open-in-view is enabled by default. Therefore, database queries may be performed during view rendering. Explicitly configure spring.jpa.open-in-view to disable this warning
2024-05-20T21:23:39.190+07:00  INFO 25844 --- [           main] o.s.s.web.DefaultSecurityFilterChain     : Will secure any request with [org.springframework.security.web.session.DisableEncodeUrlFilter@18dfcbb7, org.springframework.security.web.context.request.async.WebAsyncManagerIntegrationFilter@518d52ff, org.springframework.security.web.context.SecurityContextHolderFilter@42f26378, org.springframework.security.web.header.HeaderWriterFilter@b1d9df13, org.springframework.web.filter.CorsFilter@f6fd6c3b, org.springframework.security.web.authentication.logout.LogoutFilter@e92c3fb, org.springframework.security.web.savedrequest.RequestCacheAwareFilter@b4db1f0e, org.springframework.security.web.servletapi.SecurityContextHolderAwareRequestFilter@423bdf5, org.springframework.security.web.authentication.AnonymousAuthenticationFilter@e0b60a16, org.springframework.security.web.access.ExceptionTranslationFilter@9c04f219, org.springframework.security.web.access.intercept.AuthorizationFilter@25de3ebe]
2024-05-20T21:23:39.796+07:00  INFO 25844 --- [           main] c.m.mamababy.MamababyApplicationTests    : Started MamababyApplicationTests in 5.427 seconds (process running for 6.429)
]]></system-out>
    <system-err><![CDATA[WARNING: A Java agent has been loaded dynamically (C:\Users\manhc\.m2\repository\net\bytebuddy\byte-buddy-agent\1.14.13\byte-buddy-agent-1.14.13.jar)
WARNING: If a serviceability tool is in use, please run with -XX:+EnableDynamicAgentLoading to hide this warning
WARNING: If a serviceability tool is not in use, please run with -Djdk.instrument.traceUsage for more information
WARNING: Dynamic loading of agents will be disallowed by default in a future release
]]></system-err>
  </testcase>
</testsuite>